Arguments: 
  D:\Program Files\nodejs\node.exe D:\Program Files (x86)\Yarn\bin\yarn.js add vue-router@4.0.0-beta.3

PATH: 
  C:\WINDOWS\system32;C:\WINDOWS;C:\WINDOWS\System32\Wbem;C:\WINDOWS\System32\WindowsPowerShell\v1.0\;C:\WINDOWS\System32\OpenSSH\;%NVM_HOME%;%NVM_SYMLINK%;C:\Program Files\TortoiseSVN\bin;D:\Program Files (x86)\Tencent\微信web开发者工具\dll;C:\Pro;ram Files\Microsoft SQL Server\150\Tools\Binn\;C:\Program Files\Microsoft SQL Server\Client SDK\ODBC\170\Tools\Binn\;C:\Program Files\dotnet\;C:\Program Files\Microsoft SQL Server\130\Tools\Binn\;D:\Program Files\Git\cmd;D:\Program Files (x86)\Yarn\bin\;C:\Users\Windows 10\AppData\Local\Microsoft\WindowsApps;D:\nvm;D:\Program Files\nodejs;D:\Program Files\Microsoft VS Code\bin;C:\Users\Windows 10\.dotnet\tools;C:\Users\Windows 10\AppData\Local\Yarn\bin

Yarn version: 
  1.22.5

Node version: 
  20.5.0

Platform: 
  win32 x64

Trace: 
  Error: certificate has expired
      at TLSSocket.onConnectSecure (node:_tls_wrap:1627:34)
      at TLSSocket.emit (node:events:514:28)
      at TLSSocket._finishInit (node:_tls_wrap:1038:8)
      at ssl.onhandshakedone (node:_tls_wrap:824:12)

npm manifest: 
  {
    "name": "starrytky-ui",
    "version": "0.0.0",
    "scripts": {
      "dev": "vite",
      "build": "vite build"
    },
    "dependencies": {
      "vue": "^3.0.0-rc.1"
    },
    "devDependencies": {
      "vite": "^1.0.0-rc.1",
      "@vue/compiler-sfc": "^3.0.0-rc.1"
    }
  }

yarn manifest: 
  No manifest

Lockfile: 
  No lockfile
